<?xml version="1.0" encoding="UTF-8"?>
<!-- Generated by org.testng.reporters.JUnitXMLReporter -->
<testsuite ignored="0" hostname="Larryle" failures="0" tests="7" name="Default test" time="0.781" errors="0" timestamp="2024-04-10T10:11:58 ICT">
  <testcase classname="Testing.TestSignUp" name="signupNullConfirmPass" time="0.038"/>
  <testcase classname="Testing.TestSignUp" name="signupNullIncorrectLengthPass" time="0.019"/>
  <testcase classname="Testing.TestSignUp" name="signupNullPass" time="0.021"/>
  <testcase classname="Testing.TestSignUp" name="signupNumberPhoneExits" time="0.055"/>
  <testcase classname="Testing.TestSignUp" name="signupSuccess" time="0.037"/>
  <testcase classname="Testing.TestSignUp" name="signupNullAll" time="0.016"/>
  <testcase classname="Testing.TestSignUp" name="signupNullNumberPhone" time="0.016"/>
</testsuite> <!-- Default test -->
