<?xml version="1.0" encoding="UTF-8"?>
<!-- Generated by org.testng.reporters.JUnitXMLReporter -->
<testsuite ignored="0" hostname="Larryle" failures="0" tests="7" name="Default test" time="1.136" errors="0" timestamp="2024-04-10T09:39:57 ICT">
  <testcase classname="Testing.TestSignUp" name="signupNullConfirmPass" time="0.046"/>
  <testcase classname="Testing.TestSignUp" name="signupNullIncorrectLengthPass" time="0.03"/>
  <testcase classname="Testing.TestSignUp" name="signupNullPass" time="0.056"/>
  <testcase classname="Testing.TestSignUp" name="signupNumberPhoneExits" time="0.057"/>
  <testcase classname="Testing.TestSignUp" name="signupSuccess" time="0.134"/>
  <testcase classname="Testing.TestSignUp" name="signupNullAll" time="0.069"/>
  <testcase classname="Testing.TestSignUp" name="signupNullNumberPhone" time="0.021"/>
</testsuite> <!-- Default test -->
