<?xml version="1.0" encoding="UTF-8"?>
<!-- Generated by org.testng.reporters.JUnitXMLReporter -->
<testsuite ignored="0" hostname="Larryle" failures="0" tests="50" name="asm" time="1.786" errors="0" timestamp="2024-04-10T10:12:11 ICT">
  <testcase classname="Testing.TestingCategory" name="insertNullId" time="0.567"/>
  <testcase classname="Testing.TestingCategory" name="testInsertNullName" time="0.041"/>
  <testcase classname="Testing.TestingCategory" name="insertSuccess" time="0.076"/>
  <testcase classname="Testing.TestingCategory" name="testInsertExitsId" time="0.048"/>
  <testcase classname="Testing.TestingCategory" name="insertSuccessWithoutDescription" time="0.059"/>
  <testcase classname="Testing.TestingCategory" name="UpdateNullName" time="0.015"/>
  <testcase classname="Testing.TestingCategory" name="UpdateSuccessWithoutDescription" time="0.037"/>
  <testcase classname="Testing.TestingCategory" name="UpdateSuccessFullData" time="0.03"/>
  <testcase classname="Testing.TestingCategory" name="testDeleteLoaiSPWithProducts" time="0.034"/>
  <testcase classname="Testing.TestingCategory" name="deleteWithoutId" time="0.044"/>
  <testcase classname="Testing.TestingCategory" name="deleteLoaiSPNoExitsProduct" time="0.056"/>
  <testcase classname="Testing.TestingEmployee" name="deleteNVNotFoundId" time="0.021"/>
  <testcase classname="Testing.TestingEmployee" name="deleteSuccess" time="0.04"/>
  <testcase classname="Testing.TestingEmployee" name="testAddCMNDIsExits" time="0.02"/>
  <testcase classname="Testing.TestingEmployee" name="testAddInCorrectCMND" time="0.001"/>
  <testcase classname="Testing.TestingEmployee" name="testAddMaNVIsExits" time="0.016"/>
  <testcase classname="Testing.TestingEmployee" name="testAddNVSuccess" time="0.032"/>
  <testcase classname="Testing.TestingEmployee" name="testAddNullCMND" time="0.001"/>
  <testcase classname="Testing.TestingEmployee" name="testAddNullEmail" time="0.001"/>
  <testcase classname="Testing.TestingEmployee" name="testAddNullFullname" time="0.001"/>
  <testcase classname="Testing.TestingEmployee" name="testAddNullMaNV" time="0.001"/>
  <testcase classname="Testing.TestingEmployee" name="testAddNullNumberPhone" time="0.001"/>
  <testcase classname="Testing.TestingEmployee" name="updateIncorrectCMND" time="0.001"/>
  <testcase classname="Testing.TestingEmployee" name="updateIncorrectNumberPhone" time="0.001"/>
  <testcase classname="Testing.TestingEmployee" name="updateNVSuccess" time="0.033"/>
  <testcase classname="Testing.TestingCustomer" name="addCustomerSucess" time="0.038"/>
  <testcase classname="Testing.TestingCustomer" name="addCustomerNullFullname" time="0.001"/>
  <testcase classname="Testing.TestingCustomer" name="addCustomerNullNumberPhone" time="0.001"/>
  <testcase classname="Testing.TestingCustomer" name="addCustomerIncorrectNumberPhone" time="0.0"/>
  <testcase classname="Testing.TestingCustomer" name="updateCustomerSucess" time="0.047"/>
  <testcase classname="Testing.TestingCustomer" name="updateCustomerNullSDT" time="0.002"/>
  <testcase classname="Testing.TestingCustomer" name="updateCustomerNullName" time="0.001"/>
  <testcase classname="Testing.TestingCustomer" name="updateCustomerIncorrectPhone" time="0.001"/>
  <testcase classname="Testing.TestingCustomer" name="updateCustomerIncorrectName" time="0.0"/>
  <testcase classname="Testing.TestingCustomer" name="deleteNVNotFoundId" time="0.019"/>
  <testcase classname="Testing.TestingCustomer" name="deleteSuccess" time="0.033"/>
  <testcase classname="Testing.TestLogin" name="loginNullUsernameAndPass" time="0.016"/>
  <testcase classname="Testing.TestLogin" name="loginNullUsername" time="0.013"/>
  <testcase classname="Testing.TestLogin" name="loginNullPass" time="0.013"/>
  <testcase classname="Testing.TestLogin" name="loginIncorrectAll" time="0.012"/>
  <testcase classname="Testing.TestLogin" name="loginIncorrectFullname" time="0.016"/>
  <testcase classname="Testing.TestLogin" name="loginIncorrectPass" time="0.013"/>
  <testcase classname="Testing.TestLogin" name="loginSuccess" time="0.034"/>
  <testcase classname="Testing.TestSignUp" name="signupNullConfirmPass" time="0.017"/>
  <testcase classname="Testing.TestSignUp" name="signupNullIncorrectLengthPass" time="0.018"/>
  <testcase classname="Testing.TestSignUp" name="signupNullPass" time="0.016"/>
  <testcase classname="Testing.TestSignUp" name="signupNumberPhoneExits" time="0.028"/>
  <testcase classname="Testing.TestSignUp" name="signupSuccess" time="0.027"/>
  <testcase classname="Testing.TestSignUp" name="signupNullAll" time="0.015"/>
  <testcase classname="Testing.TestSignUp" name="signupNullNumberPhone" time="0.015"/>
</testsuite> <!-- asm -->
