<?xml version="1.0" encoding="UTF-8"?>
<testng-results ignored="0" total="7" passed="7" failed="0" skipped="0">
  <reporter-output>
  </reporter-output>
  <suite started-at="2024-04-10T09:39:56 ICT" name="Default suite" finished-at="2024-04-10T09:39:57 ICT" duration-ms="1136">
    <groups>
    </groups>
    <test started-at="2024-04-10T09:39:56 ICT" name="Default test" finished-at="2024-04-10T09:39:57 ICT" duration-ms="1136">
      <class name="Testing.TestSignUp">
        <test-method is-config="true" signature="beforeUser()[pri:0, instance:Testing.TestSignUp@36902638]" started-at="2024-04-10T09:39:56 ICT" name="beforeUser" finished-at="2024-04-10T09:39:57 ICT" duration-ms="464" status="PASS">
          <reporter-output>
          </reporter-output>
        </test-method> <!-- beforeUser -->
        <test-method signature="signupNullConfirmPass()[pri:0, instance:Testing.TestSignUp@36902638]" started-at="2024-04-10T09:39:57 ICT" name="signupNullConfirmPass" finished-at="2024-04-10T09:39:57 ICT" duration-ms="46" status="PASS">
          <reporter-output>
          </reporter-output>
        </test-method> <!-- signupNullConfirmPass -->
        <test-method is-config="true" signature="beforeUser()[pri:0, instance:Testing.TestSignUp@36902638]" started-at="2024-04-10T09:39:57 ICT" name="beforeUser" finished-at="2024-04-10T09:39:57 ICT" duration-ms="26" status="PASS">
          <reporter-output>
          </reporter-output>
        </test-method> <!-- beforeUser -->
        <test-method signature="signupNullIncorrectLengthPass()[pri:0, instance:Testing.TestSignUp@36902638]" started-at="2024-04-10T09:39:57 ICT" name="signupNullIncorrectLengthPass" finished-at="2024-04-10T09:39:57 ICT" duration-ms="30" status="PASS">
          <reporter-output>
          </reporter-output>
        </test-method> <!-- signupNullIncorrectLengthPass -->
        <test-method is-config="true" signature="beforeUser()[pri:0, instance:Testing.TestSignUp@36902638]" started-at="2024-04-10T09:39:57 ICT" name="beforeUser" finished-at="2024-04-10T09:39:57 ICT" duration-ms="64" status="PASS">
          <reporter-output>
          </reporter-output>
        </test-method> <!-- beforeUser -->
        <test-method signature="signupNullPass()[pri:0, instance:Testing.TestSignUp@36902638]" started-at="2024-04-10T09:39:57 ICT" name="signupNullPass" finished-at="2024-04-10T09:39:57 ICT" duration-ms="56" status="PASS">
          <reporter-output>
          </reporter-output>
        </test-method> <!-- signupNullPass -->
        <test-method is-config="true" signature="beforeUser()[pri:0, instance:Testing.TestSignUp@36902638]" started-at="2024-04-10T09:39:57 ICT" name="beforeUser" finished-at="2024-04-10T09:39:57 ICT" duration-ms="18" status="PASS">
          <reporter-output>
          </reporter-output>
        </test-method> <!-- beforeUser -->
        <test-method signature="signupNumberPhoneExits()[pri:0, instance:Testing.TestSignUp@36902638]" started-at="2024-04-10T09:39:57 ICT" name="signupNumberPhoneExits" finished-at="2024-04-10T09:39:57 ICT" duration-ms="57" status="PASS">
          <reporter-output>
          </reporter-output>
        </test-method> <!-- signupNumberPhoneExits -->
        <test-method is-config="true" signature="beforeUser()[pri:0, instance:Testing.TestSignUp@36902638]" started-at="2024-04-10T09:39:57 ICT" name="beforeUser" finished-at="2024-04-10T09:39:57 ICT" duration-ms="25" status="PASS">
          <reporter-output>
          </reporter-output>
        </test-method> <!-- beforeUser -->
        <test-method signature="signupSuccess()[pri:0, instance:Testing.TestSignUp@36902638]" started-at="2024-04-10T09:39:57 ICT" name="signupSuccess" finished-at="2024-04-10T09:39:57 ICT" duration-ms="134" status="PASS">
          <reporter-output>
          </reporter-output>
        </test-method> <!-- signupSuccess -->
        <test-method is-config="true" signature="beforeUser()[pri:0, instance:Testing.TestSignUp@36902638]" started-at="2024-04-10T09:39:57 ICT" name="beforeUser" finished-at="2024-04-10T09:39:57 ICT" duration-ms="19" status="PASS">
          <reporter-output>
          </reporter-output>
        </test-method> <!-- beforeUser -->
        <test-method signature="signupNullAll()[pri:1, instance:Testing.TestSignUp@36902638]" started-at="2024-04-10T09:39:57 ICT" name="signupNullAll" finished-at="2024-04-10T09:39:57 ICT" duration-ms="69" status="PASS">
          <reporter-output>
          </reporter-output>
        </test-method> <!-- signupNullAll -->
        <test-method is-config="true" signature="beforeUser()[pri:0, instance:Testing.TestSignUp@36902638]" started-at="2024-04-10T09:39:57 ICT" name="beforeUser" finished-at="2024-04-10T09:39:57 ICT" duration-ms="56" status="PASS">
          <reporter-output>
          </reporter-output>
        </test-method> <!-- beforeUser -->
        <test-method signature="signupNullNumberPhone()[pri:2, instance:Testing.TestSignUp@36902638]" started-at="2024-04-10T09:39:57 ICT" name="signupNullNumberPhone" finished-at="2024-04-10T09:39:57 ICT" duration-ms="21" status="PASS">
          <reporter-output>
          </reporter-output>
        </test-method> <!-- signupNullNumberPhone -->
      </class> <!-- Testing.TestSignUp -->
    </test> <!-- Default test -->
  </suite> <!-- Default suite -->
</testng-results>
